data/getAreaStat.jsonl
data/getWikiList.jsonl
data/getPV.jsonl
data/getListByCountryTypeService2.jsonl
data/getListByCountryTypeService1.jsonl
data/getStatisticsService.jsonl
data/getEntries.jsonl
data/getTimelineService.jsonl
data/getPV.jsonl
data/getPV.jsonl
data/getTimelineService.jsonl
data/getPV.jsonl
data/getTimelineService.jsonl
data/getPV.jsonl
data/getTimelineService.jsonl
data/getTimelineService.jsonl
data/getPV.jsonl
data/getPV.jsonl
data/getListByCountryTypeService2.jsonl
data/getTimelineService.jsonl
data/getPV.jsonl
data/getListByCountryTypeService2.jsonl
data/getTimelineService.jsonl
data/getPV.jsonl
data/getListByCountryTypeService2.jsonl
data/getTimelineService.jsonl
data/getTimelineService.jsonl
data/getTimelineService.jsonl
data/getTimelineService.jsonl
data/getTimelineService.jsonl
data/getStatisticsService.jsonl
data/getPV.jsonl
data/getTimelineService.jsonl
data/getPV.jsonl
data/getTimelineService.jsonl
data/getTimelineService.jsonl
data/getPV.jsonl
data/getTimelineService.jsonl
data/getTimelineService.jsonl
data/getTimelineService.jsonl
data/getTimelineService.jsonl
data/getPV.jsonl
data/getIndexRecommendList.jsonl
data/getIndexRumorList.jsonl
data/getTimelineService.jsonl
data/getStatisticsService.jsonl
data/getTimelineService.jsonl
data/getPV.jsonl
data/getTimelineService.jsonl
data/getTimelineService.jsonl
data/getPV.jsonl
data/getTimelineService.jsonl
data/getStatisticsService.jsonl
data/getAreaStat.jsonl
data/getListByCountryTypeService1.jsonl
data/getAreaStat.jsonl
data/getAreaStat.jsonl
data/getPV.jsonl
data/getIndexRumorList.jsonl
data/getIndexRumorList.jsonl
data/getTimelineService.jsonl
data/getIndexRumorList.jsonl
data/getTimelineService.jsonl
data/getIndexRumorList.jsonl
data/getTimelineService.jsonl
data/getPV.jsonl
data/getTimelineService.jsonl
data/getStatisticsService.jsonl
data/getAreaStat.jsonl
data/getAreaStat.jsonl
data/getListByCountryTypeService1.jsonl
data/getAreaStat.jsonl
data/getListByCountryTypeService1.jsonl
data/getPV.jsonl
data/getTimelineService.jsonl
data/getPV.jsonl
data/getAreaStat.jsonl
data/getListByCountryTypeService1.jsonl
data/getAreaStat.jsonl
data/getAreaStat.jsonl
data/getAreaStat.jsonl
data/getAreaStat.jsonl
data/getAreaStat.jsonl
data/getAreaStat.jsonl
data/getAreaStat.jsonl
data/getPV.jsonl
data/getStatisticsService.jsonl
data/getStatisticsService.jsonl
data/getPV.jsonl
data/getAreaStat.jsonl
data/getPV.jsonl
data/getPV.jsonl
data/getIndexRecommendList.jsonl
data/getIndexRecommendList.jsonl
data/getStatisticsService.jsonl
data/getPV.jsonl
data/getStatisticsService.jsonl
data/getTimelineService.jsonl
data/getTimelineService.jsonl
data/getListByCountryTypeService2.jsonl
data/getTimelineService.jsonl
data/getListByCountryTypeService2.jsonl
data/getTimelineService.jsonl
data/getPV.jsonl
data/getAreaStat.jsonl
data/getListByCountryTypeService1.jsonl
data/getAreaStat.jsonl
data/getTimelineService.jsonl
data/getTimelineService.jsonl
data/getTimelineService.jsonl
data/getAreaStat.jsonl
data/getPV.jsonl
data/getListByCountryTypeService1.jsonl
data/getTimelineService.jsonl
data/getTimelineService.jsonl
data/getPV.jsonl
data/getPV.jsonl
data/getPV.jsonl
data/getAreaStat.jsonl
data/getListByCountryTypeService1.jsonl
data/getTimelineService.jsonl
data/getAreaStat.jsonl
data/getAreaStat.jsonl
/usr/local/bin/gitwatch: line 304:  3804 Terminated              inotifywait -qmr -e close_write,move,delete,create --exclude \.git /home/galvingaoper/go/src/github.com/wuhan-support/dataset/data
data/getAreaStat.jsonl
data/getAreaStat.jsonl
data/getTimelineService.jsonl
data/getPV.jsonl
data/getAreaStat.jsonl
data/getListByCountryTypeService1.jsonl
data/getAreaStat.jsonl
data/getAreaStat.jsonl
data/getListByCountryTypeService1.jsonl
data/getAreaStat.jsonl
data/getTimelineService.jsonl
data/getAreaStat.jsonl
data/getPV.jsonl
data/getTimelineService.jsonl
data/getAreaStat.jsonl
data/getListByCountryTypeService1.jsonl
data/getTimelineService.jsonl
data/getAreaStat.jsonl
data/getAreaStat.jsonl
data/getAreaStat.jsonl
data/getTimelineService.jsonl
data/getTimelineService.jsonl
data/getTimelineService.jsonl
data/getAreaStat.jsonl
data/getTimelineService.jsonl
data/getAreaStat.jsonl
data/getListByCountryTypeService1.jsonl
data/getAreaStat.jsonl
data/getPV.jsonl
data/getAreaStat.jsonl
data/getListByCountryTypeService1.jsonl
data/getTimelineService.jsonl
data/getAreaStat.jsonl
data/getAreaStat.jsonl
data/getListByCountryTypeService1.jsonl
data/getAreaStat.jsonl
data/getAreaStat.jsonl
data/getTimelineService.jsonl
data/getPV.jsonl
data/getListByCountryTypeService1.jsonl
data/getAreaStat.jsonl
data/getTimelineService.jsonl
data/getListByCountryTypeService1.jsonl
data/getAreaStat.jsonl
data/getTimelineService.jsonl
data/getListByCountryTypeService1.jsonl
data/getAreaStat.jsonl
data/getListByCountryTypeService1.jsonl
data/getTimelineService.jsonl
data/getAreaStat.jsonl
data/getPV.jsonl
data/getTimelineService.jsonl
data/getAreaStat.jsonl
data/getListByCountryTypeService1.jsonl
data/getAreaStat.jsonl
data/getAreaStat.jsonl
data/getListByCountryTypeService1.jsonl
data/getListByCountryTypeService1.jsonl
data/getAreaStat.jsonl
data/getTimelineService.jsonl
data/getAreaStat.jsonl
data/getListByCountryTypeService1.jsonl
data/getTimelineService.jsonl
data/getTimelineService.jsonl
data/getTimelineService.jsonl
data/getPV.jsonl
data/getTimelineService.jsonl
data/getTimelineService.jsonl
data/getStatisticsService.jsonl
data/getAreaStat.jsonl
data/getTimelineService.jsonl
data/getListByCountryTypeService1.jsonl
data/getAreaStat.jsonl
data/getTimelineService.jsonl
data/getAreaStat.jsonl
data/getListByCountryTypeService1.jsonl
data/getPV.jsonl
data/getAreaStat.jsonl
data/getListByCountryTypeService1.jsonl
data/getAreaStat.jsonl
data/getTimelineService.jsonl
data/getAreaStat.jsonl
data/getTimelineService.jsonl
data/getAreaStat.jsonl
data/getTimelineService.jsonl
data/getAreaStat.jsonl
data/getStatisticsService.jsonl
data/getAreaStat.jsonl
data/getAreaStat.jsonl
data/getPV.jsonl
data/getPV.jsonl
data/getPV.jsonl
data/getStatisticsService.jsonl
data/getTimelineService.jsonl
data/getTimelineService.jsonl
data/getPV.jsonl
data/getStatisticsService.jsonl
data/getStatisticsService.jsonl
data/getTimelineService.jsonl
data/getTimelineService.jsonl
data/getWikiList.jsonl
data/getPV.jsonl
data/getWikiList.jsonl
data/getWikiList.jsonl
data/getWikiList.jsonl
data/getTimelineService.jsonl
data/getWikiList.jsonl
data/getWikiList.jsonl
data/getTimelineService.jsonl
data/getPV.jsonl
data/getWikiList.jsonl
data/getWikiList.jsonl
data/getTimelineService.jsonl
data/getWikiList.jsonl
data/getEntries.jsonl
data/getWikiList.jsonl
data/getTimelineService.jsonl
data/getWikiList.jsonl
data/getTimelineService.jsonl
data/getWikiList.jsonl
data/getWikiList.jsonl
data/getTimelineService.jsonl
data/getIndexRumorList.jsonl
data/getWikiList.jsonl
data/getTimelineService.jsonl
data/getPV.jsonl
data/getStatisticsService.jsonl
data/getWikiList.jsonl
data/getWikiList.jsonl
data/getWikiList.jsonl
data/getIndexRumorList.jsonl
data/getWikiList.jsonl
data/getIndexRumorList.jsonl
data/getWikiList.jsonl
data/getWikiList.jsonl
data/getIndexRumorList.jsonl
data/getWikiList.jsonl
data/getIndexRumorList.jsonl
data/getWikiList.jsonl
data/getTimelineService.jsonl
data/getWikiList.jsonl
data/getTimelineService.jsonl
data/getWikiList.jsonl
data/getPV.jsonl
data/getAreaStat.jsonl
data/getTimelineService.jsonl
data/getAreaStat.jsonl
data/getWikiList.jsonl
data/getAreaStat.jsonl
data/getWikiList.jsonl
data/getAreaStat.jsonl
data/getAreaStat.jsonl
data/getIndexRumorList.jsonl
data/getTimelineService.jsonl
data/getWikiList.jsonl
data/getWikiList.jsonl
data/getTimelineService.jsonl
data/getWikiList.jsonl
data/getPV.jsonl
data/getWikiList.jsonl
data/getTimelineService.jsonl
data/getTimelineService.jsonl
data/getWikiList.jsonl
data/getWikiList.jsonl
data/getTimelineService.jsonl
data/getTimelineService.jsonl
data/getAreaStat.jsonl
data/getWikiList.jsonl
data/getListByCountryTypeService1.jsonl
data/getTimelineService.jsonl
data/getPV.jsonl
data/getWikiList.jsonl
data/getWikiList.jsonl
data/getAreaStat.jsonl
data/getAreaStat.jsonl
data/getAreaStat.jsonl
data/getWikiList.jsonl
data/getAreaStat.jsonl
data/getWikiList.jsonl
data/getTimelineService.jsonl
data/getWikiList.jsonl
data/getListByCountryTypeService2.jsonl
data/getIndexRumorList.jsonl
data/getTimelineService.jsonl
data/getTimelineService.jsonl
data/getPV.jsonl
data/getTimelineService.jsonl
data/getTimelineService.jsonl
data/getPV.jsonl
data/getStatisticsService.jsonl
data/getPV.jsonl
data/getTimelineService.jsonl
data/getPV.jsonl
data/getTimelineService.jsonl
data/getPV.jsonl
data/getTimelineService.jsonl
data/getPV.jsonl
data/getTimelineService.jsonl
data/getTimelineService.jsonl
data/getTimelineService.jsonl
data/getIndexRumorList.jsonl
data/getIndexRumorList.jsonl
data/getIndexRumorList.jsonl
data/getPV.jsonl
data/getStatisticsService.jsonl
data/getPV.jsonl
data/getWikiList.jsonl
data/getWikiList.jsonl
data/getWikiList.jsonl
data/getWikiList.jsonl
data/getWikiList.jsonl
data/getWikiList.jsonl
data/getPV.jsonl
data/getAreaStat.jsonl
data/getAreaStat.jsonl
data/getWikiList.jsonl
data/getListByCountryTypeService1.jsonl
data/getTimelineService.jsonl
data/getAreaStat.jsonl
data/getWikiList.jsonl
data/getTimelineService.jsonl
data/getTimelineService.jsonl
data/getWikiList.jsonl
data/getPV.jsonl
data/getTimelineService.jsonl
data/getWikiList.jsonl
data/getStatisticsService.jsonl
data/getAreaStat.jsonl
data/getWikiList.jsonl
data/getStatisticsService.jsonl
data/getListByCountryTypeService1.jsonl
data/getTimelineService.jsonl
data/getTimelineService.jsonl
data/getWikiList.jsonl
data/getTimelineService.jsonl
data/getWikiList.jsonl
data/getPV.jsonl
data/getWikiList.jsonl
data/getWikiList.jsonl
data/getTimelineService.jsonl
data/getWikiList.jsonl
data/getWikiList.jsonl
data/getAreaStat.jsonl
data/getListByCountryTypeService1.jsonl
data/getAreaStat.jsonl
data/getWikiList.jsonl
data/getPV.jsonl
data/getAreaStat.jsonl
data/getWikiList.jsonl
data/getListByCountryTypeService1.jsonl
data/getWikiList.jsonl
data/getWikiList.jsonl
data/getStatisticsService.jsonl
data/getWikiList.jsonl
data/getTimelineService.jsonl
data/getAreaStat.jsonl
data/getListByCountryTypeService1.jsonl
data/getStatisticsService.jsonl
data/getTimelineService.jsonl
data/getWikiList.jsonl
data/getPV.jsonl
data/getTimelineService.jsonl
data/getWikiList.jsonl
data/getTimelineService.jsonl
data/getStatisticsService.jsonl
data/getWikiList.jsonl
data/getWikiList.jsonl
data/getPV.jsonl
data/getStatisticsService.jsonl
data/getWikiList.jsonl
data/getWikiList.jsonl
data/getWikiList.jsonl
data/getPV.jsonl
data/getAreaStat.jsonl
data/getListByCountryTypeService1.jsonl
data/getTimelineService.jsonl
data/getStatisticsService.jsonl
data/getTimelineService.jsonl
data/getPV.jsonl
data/getPV.jsonl
data/getIndexRecommendList.jsonl
data/getTimelineService.jsonl
data/getIndexRecommendList.jsonl
data/getPV.jsonl
data/getTimelineService.jsonl
data/getTimelineService.jsonl
data/getTimelineService.jsonl
data/getPV.jsonl
data/getAreaStat.jsonl
data/getTimelineService.jsonl
data/getListByCountryTypeService1.jsonl
data/getAreaStat.jsonl
data/getTimelineService.jsonl
data/getAreaStat.jsonl
data/getListByCountryTypeService1.jsonl
data/getAreaStat.jsonl
data/getListByCountryTypeService1.jsonl
data/getAreaStat.jsonl
data/getListByCountryTypeService1.jsonl
data/getStatisticsService.jsonl
data/getPV.jsonl
data/getTimelineService.jsonl
data/getPV.jsonl
data/getTimelineService.jsonl
data/getTimelineService.jsonl
data/getPV.jsonl
data/getTimelineService.jsonl
data/getTimelineService.jsonl
data/getListByCountryTypeService2.jsonl
data/getListByCountryTypeService2.jsonl
data/getPV.jsonl
data/getListByCountryTypeService2.jsonl
data/getStatisticsService.jsonl
data/getAreaStat.jsonl
data/getPV.jsonl
data/getListByCountryTypeService1.jsonl
data/getPV.jsonl
data/getAreaStat.jsonl
data/getListByCountryTypeService1.jsonl
data/getPV.jsonl
data/getStatisticsService.jsonl
data/getPV.jsonl
data/getTimelineService.jsonl
data/getAreaStat.jsonl
data/getListByCountryTypeService1.jsonl
data/getStatisticsService.jsonl
data/getAreaStat.jsonl
data/getStatisticsService.jsonl
data/getTimelineService.jsonl
data/getAreaStat.jsonl
data/getAreaStat.jsonl
data/getPV.jsonl
data/getTimelineService.jsonl
data/getTimelineService.jsonl
data/getStatisticsService.jsonl
data/getAreaStat.jsonl
data/getListByCountryTypeService1.jsonl
data/getPV.jsonl
data/getTimelineService.jsonl
data/getPV.jsonl
data/getPV.jsonl
data/getAreaStat.jsonl
data/getPV.jsonl
data/getStatisticsService.jsonl
data/getEntries.jsonl
data/getEntries.jsonl
data/getPV.jsonl
data/getIndexRumorList.jsonl
data/getTimelineService.jsonl
data/getAreaStat.jsonl
data/getIndexRumorList.jsonl
data/getListByCountryTypeService1.jsonl
data/getPV.jsonl
data/getTimelineService.jsonl
data/getTimelineService.jsonl
data/getPV.jsonl
data/getTimelineService.jsonl
data/getTimelineService.jsonl
data/getStatisticsService.jsonl
data/getAreaStat.jsonl
data/getListByCountryTypeService1.jsonl
data/getPV.jsonl
data/getTimelineService.jsonl
data/getTimelineService.jsonl
data/getStatisticsService.jsonl
data/getAreaStat.jsonl
data/getListByCountryTypeService1.jsonl
data/getAreaStat.jsonl
data/getPV.jsonl
data/getTimelineService.jsonl
data/getTimelineService.jsonl
data/getPV.jsonl
data/getTimelineService.jsonl
data/getTimelineService.jsonl
data/getPV.jsonl
data/getTimelineService.jsonl
data/getTimelineService.jsonl
data/getTimelineService.jsonl
data/getPV.jsonl
data/getTimelineService.jsonl
data/getIndexRumorList.jsonl
data/getTimelineService.jsonl
data/getIndexRumorList.jsonl
data/getIndexRumorList.jsonl
data/getIndexRumorList.jsonl
data/getTimelineService.jsonl
data/getPV.jsonl
data/getPV.jsonl
data/getIndexRecommendList.jsonl
data/getTimelineService.jsonl
data/getIndexRecommendList.jsonl
data/getPV.jsonl
data/getTimelineService.jsonl
data/getIndexRecommendList.jsonl
data/getTimelineService.jsonl
data/getPV.jsonl
data/getStatisticsService.jsonl
panic: runtime error: invalid memory address or nil pointer dereference
[signal SIGSEGV: segmentation violation code=0x1 addr=0x0 pc=0x64116a]

goroutine 1 [running]:
main.parse(0xc42012c1b0)
	/home/galvingaoper/go/src/github.com/wuhan-support/dataset/dxy_scrape.go:62 +0x10a
main.get()
	/home/galvingaoper/go/src/github.com/wuhan-support/dataset/dxy_scrape.go:53 +0x132
main.main()
	/home/galvingaoper/go/src/github.com/wuhan-support/dataset/dxy_scrape.go:161 +0x3fb
exit status 2
data/getEntries.jsonl
data/getAreaStat.jsonl
data/getIndexRumorList.jsonl
data/getWikiList.jsonl
data/getIndexRecommendList.jsonl
data/getPV.jsonl
data/getListByCountryTypeService2.jsonl
data/getTimelineService.jsonl
data/getStatisticsService.jsonl
data/getListByCountryTypeService1.jsonl
data/getPV.jsonl
data/getPV.jsonl
data/getTimelineService.jsonl
data/getPV.jsonl
data/getListByCountryTypeService2.jsonl
data/getListByCountryTypeService2.jsonl
data/getTimelineService.jsonl
data/getListByCountryTypeService2.jsonl
data/getPV.jsonl
data/getTimelineService.jsonl
data/getTimelineService.jsonl
data/getAreaStat.jsonl
data/getListByCountryTypeService1.jsonl
data/getTimelineService.jsonl
data/getTimelineService.jsonl
data/getTimelineService.jsonl
data/getAreaStat.jsonl
data/getPV.jsonl
data/getTimelineService.jsonl
data/getListByCountryTypeService1.jsonl
data/getStatisticsService.jsonl
data/getStatisticsService.jsonl
data/getAreaStat.jsonl
data/getListByCountryTypeService1.jsonl
data/getPV.jsonl
data/getTimelineService.jsonl
data/getAreaStat.jsonl
data/getPV.jsonl
data/getTimelineService.jsonl
data/getTimelineService.jsonl
data/getPV.jsonl
data/getAreaStat.jsonl
data/getListByCountryTypeService1.jsonl
data/getAreaStat.jsonl
data/getListByCountryTypeService1.jsonl
data/getAreaStat.jsonl
data/getListByCountryTypeService1.jsonl
data/getAreaStat.jsonl
data/getAreaStat.jsonl
data/getListByCountryTypeService1.jsonl
data/getPV.jsonl
data/getTimelineService.jsonl
data/getTimelineService.jsonl
data/getStatisticsService.jsonl
data/getTimelineService.jsonl
data/getAreaStat.jsonl
data/getListByCountryTypeService1.jsonl
data/getPV.jsonl
data/getTimelineService.jsonl
data/getPV.jsonl
data/getAreaStat.jsonl
data/getListByCountryTypeService1.jsonl
data/getAreaStat.jsonl
data/getListByCountryTypeService1.jsonl
data/getTimelineService.jsonl
data/getTimelineService.jsonl
data/getPV.jsonl
data/getAreaStat.jsonl
data/getListByCountryTypeService1.jsonl
data/getTimelineService.jsonl
data/getPV.jsonl
data/getAreaStat.jsonl
data/getListByCountryTypeService1.jsonl
data/getAreaStat.jsonl
data/getListByCountryTypeService1.jsonl
data/getPV.jsonl
data/getTimelineService.jsonl
data/getAreaStat.jsonl
data/getListByCountryTypeService1.jsonl
data/getTimelineService.jsonl
data/getTimelineService.jsonl
data/getStatisticsService.jsonl
data/getAreaStat.jsonl
data/getListByCountryTypeService1.jsonl
data/getAreaStat.jsonl
data/getPV.jsonl
data/getListByCountryTypeService1.jsonl
data/getTimelineService.jsonl
data/getTimelineService.jsonl
data/getPV.jsonl
data/getAreaStat.jsonl
data/getListByCountryTypeService1.jsonl
data/getTimelineService.jsonl
data/getAreaStat.jsonl
data/getStatisticsService.jsonl
data/getListByCountryTypeService1.jsonl
data/getTimelineService.jsonl
data/getIndexRecommendList.jsonl
data/getTimelineService.jsonl
data/getPV.jsonl
data/getTimelineService.jsonl
data/getTimelineService.jsonl
data/getTimelineService.jsonl
data/getAreaStat.jsonl
data/getListByCountryTypeService1.jsonl
data/getAreaStat.jsonl
data/getListByCountryTypeService1.jsonl
data/getPV.jsonl
data/getAreaStat.jsonl
data/getTimelineService.jsonl
data/getStatisticsService.jsonl
data/getListByCountryTypeService1.jsonl
data/getStatisticsService.jsonl
data/getTimelineService.jsonl
data/getPV.jsonl
data/getStatisticsService.jsonl
data/getTimelineService.jsonl
data/getAreaStat.jsonl
data/getListByCountryTypeService1.jsonl
data/getTimelineService.jsonl
data/getTimelineService.jsonl
data/getPV.jsonl
data/getAreaStat.jsonl
data/getListByCountryTypeService1.jsonl
data/getIndexRecommendList.jsonl
data/getPV.jsonl
data/getTimelineService.jsonl
data/getTimelineService.jsonl
data/getTimelineService.jsonl
data/getStatisticsService.jsonl
data/getPV.jsonl
data/getAreaStat.jsonl
data/getListByCountryTypeService1.jsonl
data/getStatisticsService.jsonl
data/getTimelineService.jsonl
data/getTimelineService.jsonl
data/getPV.jsonl
data/getStatisticsService.jsonl
data/getAreaStat.jsonl
data/getTimelineService.jsonl
data/getTimelineService.jsonl
data/getAreaStat.jsonl
data/getPV.jsonl
data/getAreaStat.jsonl
data/getListByCountryTypeService1.jsonl
data/getTimelineService.jsonl
data/getPV.jsonl
data/getTimelineService.jsonl
data/getAreaStat.jsonl
data/getPV.jsonl
data/getListByCountryTypeService1.jsonl
data/getAreaStat.jsonl
data/getTimelineService.jsonl
data/getListByCountryTypeService2.jsonl
data/getAreaStat.jsonl
data/getListByCountryTypeService2.jsonl
data/getListByCountryTypeService1.jsonl
data/getAreaStat.jsonl
data/getListByCountryTypeService1.jsonl
data/getAreaStat.jsonl
data/getTimelineService.jsonl
data/getAreaStat.jsonl
data/getListByCountryTypeService1.jsonl
data/getPV.jsonl
data/getAreaStat.jsonl
data/getAreaStat.jsonl
data/getListByCountryTypeService1.jsonl
data/getAreaStat.jsonl
data/getListByCountryTypeService1.jsonl
data/getAreaStat.jsonl
data/getListByCountryTypeService1.jsonl
data/getPV.jsonl
data/getStatisticsService.jsonl
data/getAreaStat.jsonl
data/getAreaStat.jsonl
data/getListByCountryTypeService1.jsonl
data/getPV.jsonl
data/getStatisticsService.jsonl
data/getTimelineService.jsonl
data/getTimelineService.jsonl
data/getPV.jsonl
data/getTimelineService.jsonl
data/getTimelineService.jsonl
data/getAreaStat.jsonl
data/getPV.jsonl
data/getListByCountryTypeService1.jsonl
data/getPV.jsonl
data/getAreaStat.jsonl
data/getStatisticsService.jsonl
data/getPV.jsonl
data/getTimelineService.jsonl
data/getTimelineService.jsonl
data/getAreaStat.jsonl
data/getListByCountryTypeService1.jsonl
data/getAreaStat.jsonl
data/getAreaStat.jsonl
data/getStatisticsService.jsonl
data/getPV.jsonl
data/getStatisticsService.jsonl
data/getIndexRumorList.jsonl
data/getIndexRumorList.jsonl
data/getAreaStat.jsonl
data/getListByCountryTypeService1.jsonl
data/getIndexRumorList.jsonl
data/getPV.jsonl
data/getTimelineService.jsonl
data/getAreaStat.jsonl
data/getAreaStat.jsonl
data/getPV.jsonl
data/getPV.jsonl
data/getTimelineService.jsonl
data/getPV.jsonl
data/getTimelineService.jsonl
data/getStatisticsService.jsonl
data/getTimelineService.jsonl
data/getAreaStat.jsonl
data/getListByCountryTypeService1.jsonl
data/getAreaStat.jsonl
data/getIndexRumorList.jsonl
data/getAreaStat.jsonl
data/getIndexRumorList.jsonl
data/getListByCountryTypeService1.jsonl
data/getIndexRumorList.jsonl
data/getStatisticsService.jsonl
data/getPV.jsonl
data/getPV.jsonl
data/getTimelineService.jsonl
data/getPV.jsonl
data/getIndexRumorList.jsonl
data/getIndexRecommendList.jsonl
data/getIndexRumorList.jsonl
data/getTimelineService.jsonl
data/getAreaStat.jsonl
data/getStatisticsService.jsonl
data/getListByCountryTypeService1.jsonl
data/getPV.jsonl
data/getAreaStat.jsonl
data/getAreaStat.jsonl
data/getAreaStat.jsonl
data/getAreaStat.jsonl
data/getAreaStat.jsonl
data/getAreaStat.jsonl
data/getAreaStat.jsonl
data/getPV.jsonl
data/getAreaStat.jsonl
data/getAreaStat.jsonl
data/getAreaStat.jsonl
data/getAreaStat.jsonl
data/getTimelineService.jsonl
data/getStatisticsService.jsonl
data/getTimelineService.jsonl
data/getPV.jsonl
data/getIndexRumorList.jsonl
data/getListByCountryTypeService2.jsonl
data/getAreaStat.jsonl
data/getListByCountryTypeService2.jsonl
data/getAreaStat.jsonl
data/getPV.jsonl
data/getTimelineService.jsonl
data/getAreaStat.jsonl
data/getAreaStat.jsonl
data/getIndexRumorList.jsonl
data/getAreaStat.jsonl
data/getListByCountryTypeService2.jsonl
data/getPV.jsonl
data/getPV.jsonl
data/getIndexRumorList.jsonl
data/getTimelineService.jsonl
data/getTimelineService.jsonl
data/getTimelineService.jsonl
data/getPV.jsonl
data/getPV.jsonl
data/getPV.jsonl
data/getIndexRumorList.jsonl
data/getIndexRumorList.jsonl
data/getIndexRumorList.jsonl
data/getPV.jsonl
data/getAreaStat.jsonl
data/getAreaStat.jsonl
data/getPV.jsonl
data/getAreaStat.jsonl
data/getListByCountryTypeService1.jsonl
data/getStatisticsService.jsonl
data/getTimelineService.jsonl
data/getPV.jsonl
data/getTimelineService.jsonl
data/getPV.jsonl
data/getAreaStat.jsonl
data/getAreaStat.jsonl
data/getListByCountryTypeService1.jsonl
data/getStatisticsService.jsonl
data/getPV.jsonl
data/getAreaStat.jsonl
data/getStatisticsService.jsonl
data/getListByCountryTypeService1.jsonl
data/getPV.jsonl
data/getTimelineService.jsonl
data/getTimelineService.jsonl
data/getPV.jsonl
data/getTimelineService.jsonl
data/getAreaStat.jsonl
data/getListByCountryTypeService1.jsonl
data/getStatisticsService.jsonl
data/getPV.jsonl
data/getTimelineService.jsonl
data/getTimelineService.jsonl
data/getTimelineService.jsonl
data/getPV.jsonl
data/getAreaStat.jsonl
data/getAreaStat.jsonl
data/getAreaStat.jsonl
data/getListByCountryTypeService1.jsonl
data/getAreaStat.jsonl
data/getPV.jsonl
data/getTimelineService.jsonl
data/getTimelineService.jsonl
data/getTimelineService.jsonl
data/getTimelineService.jsonl
data/getStatisticsService.jsonl
data/getPV.jsonl
data/getAreaStat.jsonl
data/getListByCountryTypeService1.jsonl
data/getAreaStat.jsonl
data/getAreaStat.jsonl
data/getStatisticsService.jsonl
data/getAreaStat.jsonl
data/getListByCountryTypeService1.jsonl
data/getAreaStat.jsonl
data/getIndexRecommendList.jsonl
data/getPV.jsonl
data/getAreaStat.jsonl
data/getListByCountryTypeService1.jsonl
data/getStatisticsService.jsonl
data/getAreaStat.jsonl
data/getTimelineService.jsonl
data/getTimelineService.jsonl
data/getTimelineService.jsonl
data/getTimelineService.jsonl
data/getStatisticsService.jsonl
